# JRE version: 7.0_21-b11
# Java VM: Java HotSpot(TM) Client VM (23.21-b01 mixed mode, sharing windows-x86 )
Heap
 def new generation   total 78656K, used 78655K [0x23500000, 0x28a50000, 0x28a50000)
  eden space 69952K,  99% used [0x23500000, 0x2794fff8, 0x27950000)
  from space 8704K,  99% used [0x27950000, 0x281cffe8, 0x281d0000)
  to   space 8704K,   0% used [0x281d0000, 0x281d0000, 0x28a50000)
 tenured generation   total 174784K, used 174784K [0x28a50000, 0x33500000, 0x33500000)
   the space 174784K, 100% used [0x28a50000, 0x33500000, 0x33500000, 0x33500000)
 compacting perm gen  total 12288K, used 3834K [0x33500000, 0x34100000, 0x37500000)
   the space 12288K,  31% used [0x33500000, 0x338bea80, 0x338bec00, 0x34100000)
    ro space 10240K,  45% used [0x37500000, 0x37987988, 0x37987a00, 0x37f00000)
    rw space 12288K,  54% used [0x37f00000, 0x3858b5d8, 0x3858b600, 0x38b00000)
GC Heap History (10 events):
Event: 17603.321 GC heap before
{Heap before GC invocations=290 (full 273):
 def new generation   total 78656K, used 78655K [0x23500000, 0x28a50000, 0x28a50000)
  eden space 69952K,  99% used [0x23500000, 0x2794fff8, 0x27950000)
  from space 8704K,  99% used [0x27950000, 0x281cffe8, 0x281d0000)
  to   space 8704K,   0% used [0x281d0000, 0x281d0000, 0x28a50000)
 tenured generation   total 174784K, used 174784K [0x28a50000, 0x33500000, 0x33500000)
   the space 174784K, 100% used [0x28a50000, 0x33500000, 0x33500000, 0x33500000)
 compacting perm gen  total 12288K, used 3835K [0x33500000, 0x34100000, 0x37500000)
   the space 12288K,  31% used [0x33500000, 0x338bee38, 0x338bf000, 0x34100000)
    ro space 10240K,  45% used [0x37500000, 0x37987988, 0x37987a00, 0x37f00000)
    rw space 12288K,  54% used [0x37f00000, 0x3858b5d8, 0x3858b600, 0x38b00000)
Event: 17604.138 GC heap after
Heap after GC invocations=291 (full 274):
 def new generation   total 78656K, used 78655K [0x23500000, 0x28a50000, 0x28a50000)
  eden space 69952K,  99% used [0x23500000, 0x2794fff8, 0x27950000)
  from space 8704K,  99% used [0x27950000, 0x281cffe8, 0x281d0000)
  to   space 8704K,   0% used [0x281d0000, 0x281d0000, 0x28a50000)
 tenured generation   total 174784K, used 174784K [0x28a50000, 0x33500000, 0x33500000)
   the space 174784K, 100% used [0x28a50000, 0x33500000, 0x33500000, 0x33500000)
 compacting perm gen  total 12288K, used 3835K [0x33500000, 0x34100000, 0x37500000)
   the space 12288K,  31% used [0x33500000, 0x338bee38, 0x338bf000, 0x34100000)
    ro space 10240K,  45% used [0x37500000, 0x37987988, 0x37987a00, 0x37f00000)
    rw space 12288K,  54% used [0x37f00000, 0x3858b5d8, 0x3858b600, 0x38b00000)
}
Event: 17604.258 GC heap before
{Heap before GC invocations=291 (full 274):
 def new generation   total 78656K, used 78655K [0x23500000, 0x28a50000, 0x28a50000)
  eden space 69952K, 100% used [0x23500000, 0x27950000, 0x27950000)
  from space 8704K,  99% used [0x27950000, 0x281cffe8, 0x281d0000)
  to   space 8704K,   0% used [0x281d0000, 0x281d0000, 0x28a50000)
 tenured generation   total 174784K, used 174784K [0x28a50000, 0x33500000, 0x33500000)
   the space 174784K, 100% used [0x28a50000, 0x33500000, 0x33500000, 0x33500000)
 compacting perm gen  total 12288K, used 3835K [0x33500000, 0x34100000, 0x37500000)
   the space 12288K,  31% used [0x33500000, 0x338bee38, 0x338bf000, 0x34100000)
    ro space 10240K,  45% used [0x37500000, 0x37987988, 0x37987a00, 0x37f00000)
    rw space 12288K,  54% used [0x37f00000, 0x3858b5d8, 0x3858b600, 0x38b00000)
Event: 17605.052 GC heap after
Heap after GC invocations=292 (full 275):
 def new generation   total 78656K, used 78655K [0x23500000, 0x28a50000, 0x28a50000)
  eden space 69952K, 100% used [0x23500000, 0x27950000, 0x27950000)
  from space 8704K,  99% used [0x27950000, 0x281cffe8, 0x281d0000)
  to   space 8704K,   0% used [0x281d0000, 0x281d0000, 0x28a50000)
 tenured generation   total 174784K, used 174784K [0x28a50000, 0x33500000, 0x33500000)
   the space 174784K, 100% used [0x28a50000, 0x33500000, 0x33500000, 0x33500000)
 compacting perm gen  total 12288K, used 3835K [0x33500000, 0x34100000, 0x37500000)
   the space 12288K,  31% used [0x33500000, 0x338bee38, 0x338bf000, 0x34100000)
    ro space 10240K,  45% used [0x37500000, 0x37987988, 0x37987a00, 0x37f00000)
    rw space 12288K,  54% used [0x37f00000, 0x3858b5d8, 0x3858b600, 0x38b00000)
}
Event: 17605.052 GC heap before
{Heap before GC invocations=292 (full 275):
 def new generation   total 78656K, used 78655K [0x23500000, 0x28a50000, 0x28a50000)
  eden space 69952K, 100% used [0x23500000, 0x27950000, 0x27950000)
  from space 8704K,  99% used [0x27950000, 0x281cffe8, 0x281d0000)
  to   space 8704K,   0% used [0x281d0000, 0x281d0000, 0x28a50000)
 tenured generation   total 174784K, used 174784K [0x28a50000, 0x33500000, 0x33500000)
   the space 174784K, 100% used [0x28a50000, 0x33500000, 0x33500000, 0x33500000)
 compacting perm gen  total 12288K, used 3835K [0x33500000, 0x34100000, 0x37500000)
   the space 12288K,  31% used [0x33500000, 0x338bee38, 0x338bf000, 0x34100000)
    ro space 10240K,  45% used [0x37500000, 0x37987988, 0x37987a00, 0x37f00000)
    rw space 12288K,  54% used [0x37f00000, 0x3858b5d8, 0x3858b600, 0x38b00000)
Event: 17605.933 GC heap after
Heap after GC invocations=293 (full 276):
 def new generation   total 78656K, used 78655K [0x23500000, 0x28a50000, 0x28a50000)
  eden space 69952K, 100% used [0x23500000, 0x27950000, 0x27950000)
  from space 8704K,  99% used [0x27950000, 0x281cffe8, 0x281d0000)
  to   space 8704K,   0% used [0x281d0000, 0x281d0000, 0x28a50000)
 tenured generation   total 174784K, used 174784K [0x28a50000, 0x33500000, 0x33500000)
   the space 174784K, 100% used [0x28a50000, 0x33500000, 0x33500000, 0x33500000)
 compacting perm gen  total 12288K, used 3834K [0x33500000, 0x34100000, 0x37500000)
   the space 12288K,  31% used [0x33500000, 0x338bea80, 0x338bec00, 0x34100000)
    ro space 10240K,  45% used [0x37500000, 0x37987988, 0x37987a00, 0x37f00000)
    rw space 12288K,  54% used [0x37f00000, 0x3858b5d8, 0x3858b600, 0x38b00000)
}
Event: 17605.950 GC heap before
{Heap before GC invocations=293 (full 276):
 def new generation   total 78656K, used 78655K [0x23500000, 0x28a50000, 0x28a50000)
  eden space 69952K, 100% used [0x23500000, 0x27950000, 0x27950000)
  from space 8704K,  99% used [0x27950000, 0x281cffe8, 0x281d0000)
  to   space 8704K,   0% used [0x281d0000, 0x281d0000, 0x28a50000)
 tenured generation   total 174784K, used 174784K [0x28a50000, 0x33500000, 0x33500000)
   the space 174784K, 100% used [0x28a50000, 0x33500000, 0x33500000, 0x33500000)
 compacting perm gen  total 12288K, used 3834K [0x33500000, 0x34100000, 0x37500000)
   the space 12288K,  31% used [0x33500000, 0x338bea80, 0x338bec00, 0x34100000)
    ro space 10240K,  45% used [0x37500000, 0x37987988, 0x37987a00, 0x37f00000)
    rw space 12288K,  54% used [0x37f00000, 0x3858b5d8, 0x3858b600, 0x38b00000)
Event: 17606.848 GC heap after
Heap after GC invocations=294 (full 277):
 def new generation   total 78656K, used 78655K [0x23500000, 0x28a50000, 0x28a50000)
  eden space 69952K,  99% used [0x23500000, 0x2794fff8, 0x27950000)
  from space 8704K,  99% used [0x27950000, 0x281cffe8, 0x281d0000)
  to   space 8704K,   0% used [0x281d0000, 0x281d0000, 0x28a50000)
 tenured generation   total 174784K, used 174784K [0x28a50000, 0x33500000, 0x33500000)
   the space 174784K, 100% used [0x28a50000, 0x33500000, 0x33500000, 0x33500000)
 compacting perm gen  total 12288K, used 3834K [0x33500000, 0x34100000, 0x37500000)
   the space 12288K,  31% used [0x33500000, 0x338bea80, 0x338bec00, 0x34100000)
    ro space 10240K,  45% used [0x37500000, 0x37987988, 0x37987a00, 0x37f00000)
    rw space 12288K,  54% used [0x37f00000, 0x3858b5d8, 0x3858b600, 0x38b00000)
}
Event: 17606.848 GC heap before
{Heap before GC invocations=294 (full 277):
 def new generation   total 78656K, used 78655K [0x23500000, 0x28a50000, 0x28a50000)
  eden space 69952K,  99% used [0x23500000, 0x2794fff8, 0x27950000)
  from space 8704K,  99% used [0x27950000, 0x281cffe8, 0x281d0000)
  to   space 8704K,   0% used [0x281d0000, 0x281d0000, 0x28a50000)
 tenured generation   total 174784K, used 174784K [0x28a50000, 0x33500000, 0x33500000)
   the space 174784K, 100% used [0x28a50000, 0x33500000, 0x33500000, 0x33500000)
 compacting perm gen  total 12288K, used 3834K [0x33500000, 0x34100000, 0x37500000)
   the space 12288K,  31% used [0x33500000, 0x338bea80, 0x338bec00, 0x34100000)
    ro space 10240K,  45% used [0x37500000, 0x37987988, 0x37987a00, 0x37f00000)
    rw space 12288K,  54% used [0x37f00000, 0x3858b5d8, 0x3858b600, 0x38b00000)
Event: 17607.753 GC heap after
Heap after GC invocations=295 (full 278):
 def new generation   total 78656K, used 78655K [0x23500000, 0x28a50000, 0x28a50000)
  eden space 69952K,  99% used [0x23500000, 0x2794fff8, 0x27950000)
  from space 8704K,  99% used [0x27950000, 0x281cffe8, 0x281d0000)
  to   space 8704K,   0% used [0x281d0000, 0x281d0000, 0x28a50000)
 tenured generation   total 174784K, used 174784K [0x28a50000, 0x33500000, 0x33500000)
   the space 174784K, 100% used [0x28a50000, 0x33500000, 0x33500000, 0x33500000)
 compacting perm gen  total 12288K, used 3834K [0x33500000, 0x34100000, 0x37500000)
   the space 12288K,  31% used [0x33500000, 0x338bea80, 0x338bec00, 0x34100000)
    ro space 10240K,  45% used [0x37500000, 0x37987988, 0x37987a00, 0x37f00000)
    rw space 12288K,  54% used [0x37f00000, 0x3858b5d8, 0x3858b600, 0x38b00000)
}

