# JRE version: 7.0_21-b11
# Java VM: Java HotSpot(TM) Client VM (23.21-b01 mixed mode, sharing windows-x86 )
Heap
 def new generation   total 78656K, used 78655K [0x23500000, 0x28a50000, 0x28a50000)
  eden space 69952K,  99% used [0x23500000, 0x2794fff8, 0x27950000)
  from space 8704K,  99% used [0x27950000, 0x281cffc0, 0x281d0000)
  to   space 8704K,   0% used [0x281d0000, 0x281d0000, 0x28a50000)
 tenured generation   total 174784K, used 174784K [0x28a50000, 0x33500000, 0x33500000)
   the space 174784K, 100% used [0x28a50000, 0x33500000, 0x33500000, 0x33500000)
 compacting perm gen  total 12288K, used 3838K [0x33500000, 0x34100000, 0x37500000)
   the space 12288K,  31% used [0x33500000, 0x338bfb68, 0x338bfc00, 0x34100000)
    ro space 10240K,  45% used [0x37500000, 0x37987988, 0x37987a00, 0x37f00000)
    rw space 12288K,  54% used [0x37f00000, 0x3858b5d8, 0x3858b600, 0x38b00000)
GC Heap History (10 events):
Event: 17626.228 GC heap before
{Heap before GC invocations=116 (full 97):
 def new generation   total 78656K, used 78655K [0x23500000, 0x28a50000, 0x28a50000)
  eden space 69952K, 100% used [0x23500000, 0x27950000, 0x27950000)
  from space 8704K,  99% used [0x27950000, 0x281cffd8, 0x281d0000)
  to   space 8704K,   0% used [0x281d0000, 0x281d0000, 0x28a50000)
 tenured generation   total 174784K, used 174784K [0x28a50000, 0x33500000, 0x33500000)
   the space 174784K, 100% used [0x28a50000, 0x33500000, 0x33500000, 0x33500000)
 compacting perm gen  total 12288K, used 3838K [0x33500000, 0x34100000, 0x37500000)
   the space 12288K,  31% used [0x33500000, 0x338bfb68, 0x338bfc00, 0x34100000)
    ro space 10240K,  45% used [0x37500000, 0x37987988, 0x37987a00, 0x37f00000)
    rw space 12288K,  54% used [0x37f00000, 0x3858b5d8, 0x3858b600, 0x38b00000)
Event: 17748.062 GC heap after
Heap after GC invocations=117 (full 98):
 def new generation   total 78656K, used 78655K [0x23500000, 0x28a50000, 0x28a50000)
  eden space 69952K, 100% used [0x23500000, 0x27950000, 0x27950000)
  from space 8704K,  99% used [0x27950000, 0x281cffc0, 0x281d0000)
  to   space 8704K,   0% used [0x281d0000, 0x281d0000, 0x28a50000)
 tenured generation   total 174784K, used 174784K [0x28a50000, 0x33500000, 0x33500000)
   the space 174784K, 100% used [0x28a50000, 0x33500000, 0x33500000, 0x33500000)
 compacting perm gen  total 12288K, used 3838K [0x33500000, 0x34100000, 0x37500000)
   the space 12288K,  31% used [0x33500000, 0x338bfb68, 0x338bfc00, 0x34100000)
    ro space 10240K,  45% used [0x37500000, 0x37987988, 0x37987a00, 0x37f00000)
    rw space 12288K,  54% used [0x37f00000, 0x3858b5d8, 0x3858b600, 0x38b00000)
}
Event: 17748.076 GC heap before
{Heap before GC invocations=117 (full 98):
 def new generation   total 78656K, used 78655K [0x23500000, 0x28a50000, 0x28a50000)
  eden space 69952K, 100% used [0x23500000, 0x27950000, 0x27950000)
  from space 8704K,  99% used [0x27950000, 0x281cfff8, 0x281d0000)
  to   space 8704K,   0% used [0x281d0000, 0x281d0000, 0x28a50000)
 tenured generation   total 174784K, used 174784K [0x28a50000, 0x33500000, 0x33500000)
   the space 174784K, 100% used [0x28a50000, 0x33500000, 0x33500000, 0x33500000)
 compacting perm gen  total 12288K, used 3838K [0x33500000, 0x34100000, 0x37500000)
   the space 12288K,  31% used [0x33500000, 0x338bfb68, 0x338bfc00, 0x34100000)
    ro space 10240K,  45% used [0x37500000, 0x37987988, 0x37987a00, 0x37f00000)
    rw space 12288K,  54% used [0x37f00000, 0x3858b5d8, 0x3858b600, 0x38b00000)
Event: 17748.968 GC heap after
Heap after GC invocations=118 (full 99):
 def new generation   total 78656K, used 78655K [0x23500000, 0x28a50000, 0x28a50000)
  eden space 69952K, 100% used [0x23500000, 0x27950000, 0x27950000)
  from space 8704K,  99% used [0x27950000, 0x281cfff8, 0x281d0000)
  to   space 8704K,   0% used [0x281d0000, 0x281d0000, 0x28a50000)
 tenured generation   total 174784K, used 174784K [0x28a50000, 0x33500000, 0x33500000)
   the space 174784K, 100% used [0x28a50000, 0x33500000, 0x33500000, 0x33500000)
 compacting perm gen  total 12288K, used 3838K [0x33500000, 0x34100000, 0x37500000)
   the space 12288K,  31% used [0x33500000, 0x338bfb68, 0x338bfc00, 0x34100000)
    ro space 10240K,  45% used [0x37500000, 0x37987988, 0x37987a00, 0x37f00000)
    rw space 12288K,  54% used [0x37f00000, 0x3858b5d8, 0x3858b600, 0x38b00000)
}
Event: 17748.969 GC heap before
{Heap before GC invocations=118 (full 99):
 def new generation   total 78656K, used 78655K [0x23500000, 0x28a50000, 0x28a50000)
  eden space 69952K, 100% used [0x23500000, 0x27950000, 0x27950000)
  from space 8704K,  99% used [0x27950000, 0x281cfff8, 0x281d0000)
  to   space 8704K,   0% used [0x281d0000, 0x281d0000, 0x28a50000)
 tenured generation   total 174784K, used 174784K [0x28a50000, 0x33500000, 0x33500000)
   the space 174784K, 100% used [0x28a50000, 0x33500000, 0x33500000, 0x33500000)
 compacting perm gen  total 12288K, used 3838K [0x33500000, 0x34100000, 0x37500000)
   the space 12288K,  31% used [0x33500000, 0x338bfb68, 0x338bfc00, 0x34100000)
    ro space 10240K,  45% used [0x37500000, 0x37987988, 0x37987a00, 0x37f00000)
    rw space 12288K,  54% used [0x37f00000, 0x3858b5d8, 0x3858b600, 0x38b00000)
Event: 17749.887 GC heap after
Heap after GC invocations=119 (full 100):
 def new generation   total 78656K, used 78655K [0x23500000, 0x28a50000, 0x28a50000)
  eden space 69952K, 100% used [0x23500000, 0x27950000, 0x27950000)
  from space 8704K,  99% used [0x27950000, 0x281cfff8, 0x281d0000)
  to   space 8704K,   0% used [0x281d0000, 0x281d0000, 0x28a50000)
 tenured generation   total 174784K, used 174784K [0x28a50000, 0x33500000, 0x33500000)
   the space 174784K, 100% used [0x28a50000, 0x33500000, 0x33500000, 0x33500000)
 compacting perm gen  total 12288K, used 3838K [0x33500000, 0x34100000, 0x37500000)
   the space 12288K,  31% used [0x33500000, 0x338bfb68, 0x338bfc00, 0x34100000)
    ro space 10240K,  45% used [0x37500000, 0x37987988, 0x37987a00, 0x37f00000)
    rw space 12288K,  54% used [0x37f00000, 0x3858b5d8, 0x3858b600, 0x38b00000)
}
Event: 17749.888 GC heap before
{Heap before GC invocations=119 (full 100):
 def new generation   total 78656K, used 78655K [0x23500000, 0x28a50000, 0x28a50000)
  eden space 69952K, 100% used [0x23500000, 0x27950000, 0x27950000)
  from space 8704K,  99% used [0x27950000, 0x281cfff8, 0x281d0000)
  to   space 8704K,   0% used [0x281d0000, 0x281d0000, 0x28a50000)
 tenured generation   total 174784K, used 174784K [0x28a50000, 0x33500000, 0x33500000)
   the space 174784K, 100% used [0x28a50000, 0x33500000, 0x33500000, 0x33500000)
 compacting perm gen  total 12288K, used 3838K [0x33500000, 0x34100000, 0x37500000)
   the space 12288K,  31% used [0x33500000, 0x338bfb68, 0x338bfc00, 0x34100000)
    ro space 10240K,  45% used [0x37500000, 0x37987988, 0x37987a00, 0x37f00000)
    rw space 12288K,  54% used [0x37f00000, 0x3858b5d8, 0x3858b600, 0x38b00000)
Event: 17750.683 GC heap after
Heap after GC invocations=120 (full 101):
 def new generation   total 78656K, used 78655K [0x23500000, 0x28a50000, 0x28a50000)
  eden space 69952K,  99% used [0x23500000, 0x2794fff8, 0x27950000)
  from space 8704K,  99% used [0x27950000, 0x281cffc0, 0x281d0000)
  to   space 8704K,   0% used [0x281d0000, 0x281d0000, 0x28a50000)
 tenured generation   total 174784K, used 174784K [0x28a50000, 0x33500000, 0x33500000)
   the space 174784K, 100% used [0x28a50000, 0x33500000, 0x33500000, 0x33500000)
 compacting perm gen  total 12288K, used 3838K [0x33500000, 0x34100000, 0x37500000)
   the space 12288K,  31% used [0x33500000, 0x338bfb68, 0x338bfc00, 0x34100000)
    ro space 10240K,  45% used [0x37500000, 0x37987988, 0x37987a00, 0x37f00000)
    rw space 12288K,  54% used [0x37f00000, 0x3858b5d8, 0x3858b600, 0x38b00000)
}
Event: 17750.683 GC heap before
{Heap before GC invocations=120 (full 101):
 def new generation   total 78656K, used 78655K [0x23500000, 0x28a50000, 0x28a50000)
  eden space 69952K,  99% used [0x23500000, 0x2794fff8, 0x27950000)
  from space 8704K,  99% used [0x27950000, 0x281cffc0, 0x281d0000)
  to   space 8704K,   0% used [0x281d0000, 0x281d0000, 0x28a50000)
 tenured generation   total 174784K, used 174784K [0x28a50000, 0x33500000, 0x33500000)
   the space 174784K, 100% used [0x28a50000, 0x33500000, 0x33500000, 0x33500000)
 compacting perm gen  total 12288K, used 3838K [0x33500000, 0x34100000, 0x37500000)
   the space 12288K,  31% used [0x33500000, 0x338bfb68, 0x338bfc00, 0x34100000)
    ro space 10240K,  45% used [0x37500000, 0x37987988, 0x37987a00, 0x37f00000)
    rw space 12288K,  54% used [0x37f00000, 0x3858b5d8, 0x3858b600, 0x38b00000)
Event: 17751.437 GC heap after
Heap after GC invocations=121 (full 102):
 def new generation   total 78656K, used 78655K [0x23500000, 0x28a50000, 0x28a50000)
  eden space 69952K,  99% used [0x23500000, 0x2794fff8, 0x27950000)
  from space 8704K,  99% used [0x27950000, 0x281cffc0, 0x281d0000)
  to   space 8704K,   0% used [0x281d0000, 0x281d0000, 0x28a50000)
 tenured generation   total 174784K, used 174784K [0x28a50000, 0x33500000, 0x33500000)
   the space 174784K, 100% used [0x28a50000, 0x33500000, 0x33500000, 0x33500000)
 compacting perm gen  total 12288K, used 3838K [0x33500000, 0x34100000, 0x37500000)
   the space 12288K,  31% used [0x33500000, 0x338bfb68, 0x338bfc00, 0x34100000)
    ro space 10240K,  45% used [0x37500000, 0x37987988, 0x37987a00, 0x37f00000)
    rw space 12288K,  54% used [0x37f00000, 0x3858b5d8, 0x3858b600, 0x38b00000)
}

